TN:
SF:D:\Escritorio\Uni\Oviedo\ASW\ProyectoChat\dechat_es4a\src\polyfills.ts
FNF:0
FNH:0
DA:46,1
DA:74,1
LF:2
LH:2
BRF:0
BRH:0
end_of_record
TN:
SF:D:\Escritorio\Uni\Oviedo\ASW\ProyectoChat\dechat_es4a\src\test.ts
FNF:0
FNH:0
DA:3,1
DA:4,1
DA:5,1
DA:13,1
DA:18,1
DA:20,1
LF:6
LH:6
BRF:0
BRH:0
end_of_record
TN:
SF:D:\Escritorio\Uni\Oviedo\ASW\ProyectoChat\dechat_es4a\src\app\app.component.ts
FN:47,AppComponent
FNF:1
FNH:1
FNDA:1,AppComponent
DA:1,1
DA:4,1
DA:12,1
DA:13,1
DA:43,1
DA:44,1
DA:47,1
DA:49,1
DA:52,0
DA:56,1
LF:10
LH:9
BRF:0
BRH:0
end_of_record
TN:
SF:D:\Escritorio\Uni\Oviedo\ASW\ProyectoChat\dechat_es4a\src\app\card\card.component.ts
FN:36,CardComponent
FN:39,(anonymous_16)
FN:64,(anonymous_20)
FN:73,(anonymous_21)
FN:77,(anonymous_22)
FNF:5
FNH:4
FNDA:6,CardComponent
FNDA:6,(anonymous_16)
FNDA:1,(anonymous_20)
FNDA:0,(anonymous_21)
FNDA:1,(anonymous_22)
DA:1,1
DA:2,1
DA:3,1
DA:5,1
DA:6,1
DA:9,1
DA:25,1
DA:32,6
DA:34,1
DA:36,6
DA:37,6
DA:39,1
DA:40,6
DA:41,6
DA:45,1
DA:47,6
DA:48,6
DA:50,6
DA:51,6
DA:52,6
DA:55,0
DA:56,0
DA:58,6
DA:64,1
DA:66,1
DA:68,0
DA:73,1
DA:74,0
DA:77,1
DA:78,1
DA:80,1
LF:31
LH:27
BRDA:66,0,0,1
BRDA:66,0,1,0
BRDA:78,1,0,1
BRDA:78,1,1,0
BRF:4
BRH:2
end_of_record
TN:
SF:D:\Escritorio\Uni\Oviedo\ASW\ProyectoChat\dechat_es4a\src\app\chat\chat.component.ts
FN:17,(anonymous_14)
FN:19,ImageSnippet
FN:74,ChatComponent
FN:79,(anonymous_18)
FN:145,(anonymous_25)
FN:155,(anonymous_26)
FN:160,(anonymous_27)
FN:180,(anonymous_28)
FN:193,(anonymous_32)
FN:202,(anonymous_33)
FN:229,(anonymous_34)
FN:231,(anonymous_35)
FN:233,(anonymous_36)
FN:243,(anonymous_37)
FN:246,(anonymous_38)
FN:269,(anonymous_39)
FN:275,(anonymous_40)
FN:291,(anonymous_41)
FN:296,(anonymous_42)
FN:317,(anonymous_46)
FN:328,(anonymous_47)
FN:333,(anonymous_48)
FN:345,(anonymous_52)
FN:354,(anonymous_53)
FN:362,(anonymous_54)
FN:370,(anonymous_55)
FN:377,(anonymous_56)
FN:387,(anonymous_57)
FN:394,(anonymous_58)
FN:406,(anonymous_59)
FN:410,(anonymous_60)
FN:422,(anonymous_61)
FN:426,(anonymous_62)
FN:444,(anonymous_66)
FN:452,(anonymous_67)
FN:457,(anonymous_68)
FN:462,(anonymous_69)
FN:471,(anonymous_70)
FN:484,(anonymous_71)
FN:495,(anonymous_72)
FN:499,(anonymous_73)
FN:507,(anonymous_74)
FN:511,(anonymous_75)
FN:514,(anonymous_76)
FN:534,(anonymous_80)
FN:544,(anonymous_84)
FN:559,(anonymous_85)
FN:582,(anonymous_86)
FN:598,(anonymous_87)
FN:605,(anonymous_88)
FN:613,(anonymous_89)
FN:646,(anonymous_90)
FN:649,(anonymous_91)
FN:649,(anonymous_92)
FN:655,(anonymous_93)
FN:655,(anonymous_94)
FN:666,(anonymous_95)
FN:755,(anonymous_96)
FN:770,(anonymous_100)
FN:771,(anonymous_101)
FN:773,(anonymous_102)
FN:784,(anonymous_104)
FN:794,(anonymous_105)
FN:816,(anonymous_106)
FN:820,(anonymous_107)
FN:822,(anonymous_108)
FN:848,(anonymous_109)
FN:851,(anonymous_110)
FN:851,(anonymous_111)
FN:856,(anonymous_112)
FN:856,(anonymous_113)
FNF:71
FNH:12
FNDA:1,(anonymous_14)
FNDA:0,ImageSnippet
FNDA:8,ChatComponent
FNDA:8,(anonymous_18)
FNDA:0,(anonymous_25)
FNDA:0,(anonymous_26)
FNDA:0,(anonymous_27)
FNDA:0,(anonymous_28)
FNDA:0,(anonymous_32)
FNDA:0,(anonymous_33)
FNDA:8,(anonymous_34)
FNDA:19,(anonymous_35)
FNDA:0,(anonymous_36)
FNDA:0,(anonymous_37)
FNDA:0,(anonymous_38)
FNDA:0,(anonymous_39)
FNDA:44,(anonymous_40)
FNDA:0,(anonymous_41)
FNDA:0,(anonymous_42)
FNDA:0,(anonymous_46)
FNDA:18,(anonymous_47)
FNDA:18,(anonymous_48)
FNDA:0,(anonymous_52)
FNDA:0,(anonymous_53)
FNDA:18,(anonymous_54)
FNDA:0,(anonymous_55)
FNDA:18,(anonymous_56)
FNDA:0,(anonymous_57)
FNDA:0,(anonymous_58)
FNDA:0,(anonymous_59)
FNDA:0,(anonymous_60)
FNDA:0,(anonymous_61)
FNDA:0,(anonymous_62)
FNDA:0,(anonymous_66)
FNDA:0,(anonymous_67)
FNDA:0,(anonymous_68)
FNDA:0,(anonymous_69)
FNDA:0,(anonymous_70)
FNDA:0,(anonymous_71)
FNDA:0,(anonymous_72)
FNDA:0,(anonymous_73)
FNDA:0,(anonymous_74)
FNDA:0,(anonymous_75)
FNDA:0,(anonymous_76)
FNDA:0,(anonymous_80)
FNDA:0,(anonymous_84)
FNDA:0,(anonymous_85)
FNDA:0,(anonymous_86)
FNDA:18,(anonymous_87)
FNDA:0,(anonymous_88)
FNDA:0,(anonymous_89)
FNDA:0,(anonymous_90)
FNDA:0,(anonymous_91)
FNDA:0,(anonymous_92)
FNDA:0,(anonymous_93)
FNDA:0,(anonymous_94)
FNDA:0,(anonymous_95)
FNDA:0,(anonymous_96)
FNDA:8,(anonymous_100)
FNDA:0,(anonymous_101)
FNDA:0,(anonymous_102)
FNDA:0,(anonymous_104)
FNDA:0,(anonymous_105)
FNDA:0,(anonymous_106)
FNDA:0,(anonymous_107)
FNDA:0,(anonymous_108)
FNDA:0,(anonymous_109)
FNDA:0,(anonymous_110)
FNDA:0,(anonymous_111)
FNDA:0,(anonymous_112)
FNDA:0,(anonymous_113)
DA:1,1
DA:2,1
DA:3,1
DA:4,1
DA:5,1
DA:6,1
DA:8,1
DA:9,1
DA:10,1
DA:11,1
DA:17,1
DA:19,0
DA:24,1
DA:31,1
DA:34,8
DA:35,8
DA:36,8
DA:37,8
DA:42,8
DA:43,8
DA:44,8
DA:47,8
DA:57,8
DA:63,8
DA:67,8
DA:70,8
DA:72,1
DA:74,8
DA:75,8
DA:76,8
DA:79,1
DA:80,8
DA:81,8
DA:82,8
DA:84,8
DA:85,8
DA:89,1
DA:90,0
DA:91,8
DA:92,0
DA:94,0
DA:98,0
DA:100,0
DA:103,0
DA:104,0
DA:108,1
DA:110,0
DA:111,0
DA:112,0
DA:113,0
DA:115,0
DA:118,0
DA:120,0
DA:122,0
DA:125,0
DA:127,0
DA:128,0
DA:129,0
DA:131,0
DA:133,0
DA:135,0
DA:136,0
DA:139,0
DA:145,1
DA:146,0
DA:148,0
DA:149,0
DA:150,0
DA:155,1
DA:156,0
DA:160,1
DA:161,0
DA:164,0
DA:165,0
DA:166,0
DA:168,0
DA:169,0
DA:170,0
DA:171,0
DA:172,0
DA:173,0
DA:176,0
DA:180,1
DA:181,0
DA:182,0
DA:183,0
DA:187,1
DA:191,19
DA:193,0
DA:194,0
DA:195,0
DA:196,0
DA:197,0
DA:199,0
DA:201,0
DA:202,0
DA:205,0
DA:206,0
DA:207,0
DA:210,0
DA:211,0
DA:214,0
DA:215,0
DA:223,19
DA:229,8
DA:230,8
DA:231,8
DA:232,19
DA:233,19
DA:234,0
DA:243,1
DA:245,0
DA:246,0
DA:248,0
DA:252,0
DA:256,0
DA:259,0
DA:269,1
DA:270,0
DA:271,0
DA:272,0
DA:275,1
DA:277,44
DA:279,0
DA:280,0
DA:281,0
DA:283,44
DA:286,0
DA:291,1
DA:292,0
DA:296,1
DA:297,0
DA:301,1
DA:303,8
DA:305,0
DA:306,0
DA:309,8
DA:312,0
DA:317,1
DA:318,0
DA:319,0
DA:320,0
DA:321,0
DA:322,0
DA:323,0
DA:324,0
DA:328,1
DA:329,18
DA:333,1
DA:334,18
DA:338,1
DA:339,0
DA:340,0
DA:341,0
DA:342,0
DA:343,0
DA:344,0
DA:345,0
DA:346,0
DA:347,0
DA:348,0
DA:350,0
DA:354,1
DA:355,0
DA:356,0
DA:357,0
DA:358,0
DA:362,1
DA:363,18
DA:365,0
DA:367,18
DA:370,1
DA:371,0
DA:372,0
DA:373,0
DA:377,1
DA:379,18
DA:382,0
DA:387,1
DA:388,0
DA:390,0
DA:394,1
DA:395,0
DA:396,0
DA:398,0
DA:401,0
DA:406,1
DA:407,0
DA:408,0
DA:410,0
DA:412,0
DA:417,0
DA:422,1
DA:423,0
DA:424,0
DA:426,0
DA:428,0
DA:433,0
DA:438,1
DA:439,0
DA:440,0
DA:444,1
DA:445,0
DA:446,0
DA:447,0
DA:448,0
DA:452,1
DA:453,0
DA:457,1
DA:458,0
DA:462,1
DA:463,0
DA:465,0
DA:467,0
DA:471,1
DA:472,0
DA:476,0
DA:478,0
DA:480,0
DA:484,1
DA:485,0
DA:488,0
DA:490,0
DA:492,0
DA:495,1
DA:496,0
DA:499,1
DA:500,0
DA:501,0
DA:502,0
DA:503,0
DA:507,1
DA:508,0
DA:511,1
DA:512,0
DA:513,0
DA:514,0
DA:515,0
DA:516,0
DA:519,0
DA:523,1
DA:524,0
DA:528,0
DA:529,0
DA:534,1
DA:535,0
DA:539,1
DA:540,0
DA:541,0
DA:542,0
DA:543,0
DA:544,0
DA:546,0
DA:549,0
DA:550,0
DA:551,0
DA:552,0
DA:553,0
DA:554,0
DA:559,1
DA:560,0
DA:561,0
DA:562,0
DA:563,0
DA:564,0
DA:565,0
DA:566,0
DA:568,0
DA:571,0
DA:572,0
DA:575,0
DA:576,0
DA:578,0
DA:582,1
DA:583,0
DA:584,0
DA:585,0
DA:586,0
DA:587,0
DA:589,0
DA:592,0
DA:594,0
DA:598,1
DA:599,18
DA:600,0
DA:603,18
DA:605,1
DA:607,0
DA:608,0
DA:609,0
DA:610,0
DA:611,0
DA:612,0
DA:613,0
DA:617,0
DA:618,0
DA:620,0
DA:621,0
DA:622,0
DA:624,0
DA:625,0
DA:630,0
DA:631,0
DA:632,0
DA:637,0
DA:638,0
DA:639,0
DA:641,0
DA:642,0
DA:643,0
DA:646,0
DA:648,0
DA:649,0
DA:651,0
DA:655,0
DA:666,1
DA:667,0
DA:668,0
DA:669,0
DA:670,0
DA:672,0
DA:673,0
DA:674,0
DA:675,0
DA:676,0
DA:677,0
DA:678,0
DA:679,0
DA:682,0
DA:683,0
DA:684,0
DA:685,0
DA:688,0
DA:689,0
DA:690,0
DA:691,0
DA:694,0
DA:695,0
DA:696,0
DA:697,0
DA:698,0
DA:699,0
DA:700,0
DA:701,0
DA:704,0
DA:705,0
DA:706,0
DA:707,0
DA:710,0
DA:711,0
DA:712,0
DA:713,0
DA:714,0
DA:715,0
DA:716,0
DA:717,0
DA:720,0
DA:721,0
DA:722,0
DA:723,0
DA:726,0
DA:727,0
DA:728,0
DA:729,0
DA:730,0
DA:731,0
DA:732,0
DA:733,0
DA:736,0
DA:737,0
DA:738,0
DA:739,0
DA:742,0
DA:743,0
DA:744,0
DA:745,0
DA:746,0
DA:747,0
DA:748,0
DA:749,0
DA:751,0
DA:755,1
DA:756,0
DA:759,0
DA:764,1
DA:765,8
DA:766,8
DA:770,8
DA:771,8
DA:772,0
DA:773,0
DA:774,0
DA:775,0
DA:776,0
DA:778,0
DA:781,0
DA:784,0
DA:786,0
DA:793,0
DA:794,0
DA:796,0
DA:800,0
DA:803,0
DA:804,0
DA:805,0
DA:806,0
DA:807,0
DA:810,0
DA:813,0
DA:816,0
DA:820,1
DA:821,0
DA:822,0
DA:823,0
DA:824,0
DA:826,0
DA:827,0
DA:832,0
DA:833,0
DA:834,0
DA:839,0
DA:840,0
DA:841,0
DA:843,0
DA:844,0
DA:845,0
DA:848,0
DA:850,0
DA:851,0
DA:853,0
DA:856,0
DA:859,1
LF:432
LH:106
BRDA:115,0,0,0
BRDA:115,0,1,0
BRDA:163,1,0,0
BRDA:163,1,1,0
BRDA:194,2,0,0
BRDA:194,2,1,0
BRDA:196,3,0,0
BRDA:196,3,1,0
BRDA:203,4,0,0
BRDA:203,4,1,0
BRDA:255,5,0,0
BRDA:255,5,1,0
BRDA:278,6,0,44
BRDA:278,6,1,44
BRDA:306,7,0,0
BRDA:306,7,1,0
BRDA:464,8,0,0
BRDA:464,8,1,0
BRDA:464,8,2,0
BRDA:473,9,0,0
BRDA:473,9,1,0
BRDA:473,9,2,0
BRDA:473,9,3,0
BRDA:473,9,4,0
BRDA:486,10,0,0
BRDA:486,10,1,0
BRDA:526,11,0,0
BRDA:526,11,1,0
BRDA:526,11,2,0
BRDA:574,12,0,0
BRDA:574,12,1,0
BRDA:599,13,0,0
BRDA:599,13,1,18
BRDA:615,14,0,0
BRDA:615,14,1,0
BRF:35
BRH:3
end_of_record
TN:
SF:D:\Escritorio\Uni\Oviedo\ASW\ProyectoChat\dechat_es4a\src\app\components\navbar\navbar.component.ts
FN:16,NavbarComponent
FN:21,(anonymous_4)
FN:24,(anonymous_5)
FN:36,(anonymous_6)
FN:40,(anonymous_7)
FNF:5
FNH:3
FNDA:1,NavbarComponent
FNDA:1,(anonymous_4)
FNDA:2,(anonymous_5)
FNDA:0,(anonymous_6)
FNDA:0,(anonymous_7)
DA:1,1
DA:2,1
DA:3,1
DA:4,1
DA:14,1
DA:16,1
DA:17,1
DA:21,1
DA:24,1
DA:26,2
DA:27,0
DA:28,0
DA:29,0
DA:32,2
DA:36,1
DA:37,0
DA:40,1
DA:41,0
DA:43,1
LF:19
LH:14
BRF:0
BRH:0
end_of_record
TN:
SF:D:\Escritorio\Uni\Oviedo\ASW\ProyectoChat\dechat_es4a\src\app\login-popup\login-popup.component.ts
FN:11,LoginPopupComponent
FN:13,(anonymous_4)
FN:17,(anonymous_5)
FNF:3
FNH:3
FNDA:1,LoginPopupComponent
FNDA:1,(anonymous_4)
FNDA:1,(anonymous_5)
DA:1,1
DA:9,1
DA:11,1
DA:13,1
DA:14,1
DA:17,1
DA:18,1
DA:19,1
DA:20,1
DA:21,1
DA:25,1
LF:11
LH:11
BRF:0
BRH:0
end_of_record
TN:
SF:D:\Escritorio\Uni\Oviedo\ASW\ProyectoChat\dechat_es4a\src\app\models\solid-chat-user.model.ts
FN:1,(anonymous_0)
FN:3,SolidChatUser
FNF:2
FNH:2
FNDA:1,(anonymous_0)
FNDA:2,SolidChatUser
DA:1,1
DA:4,2
DA:5,2
DA:6,2
DA:10,2
DA:12,1
LF:6
LH:6
BRF:0
BRH:0
end_of_record
TN:
SF:D:\Escritorio\Uni\Oviedo\ASW\ProyectoChat\dechat_es4a\src\app\models\solid-chat.model.ts
FN:3,(anonymous_0)
FN:4,SolidChat
FNF:2
FNH:2
FNDA:1,(anonymous_0)
FNDA:4,SolidChat
DA:3,1
DA:5,4
DA:6,4
DA:7,4
DA:14,1
LF:5
LH:5
BRF:0
BRH:0
end_of_record
TN:
SF:D:\Escritorio\Uni\Oviedo\ASW\ProyectoChat\dechat_es4a\src\app\models\solid-message.model.ts
FN:3,(anonymous_0)
FN:4,SolidMessage
FN:10,(anonymous_2)
FNF:3
FNH:3
FNDA:1,(anonymous_0)
FNDA:6,SolidMessage
FNDA:2,(anonymous_2)
DA:3,1
DA:4,6
DA:5,6
DA:6,6
DA:7,6
DA:10,6
DA:11,2
DA:18,1
LF:8
LH:8
BRDA:4,0,0,0
BRDA:4,0,1,6
BRF:2
BRH:1
end_of_record
TN:
SF:D:\Escritorio\Uni\Oviedo\ASW\ProyectoChat\dechat_es4a\src\app\register\register.component.ts
FN:12,RegisterComponent
FN:14,(anonymous_4)
FN:16,(anonymous_5)
FNF:3
FNH:3
FNDA:1,RegisterComponent
FNDA:1,(anonymous_4)
FNDA:3,(anonymous_5)
DA:1,1
DA:2,1
DA:9,1
DA:12,1
DA:14,1
DA:15,1
DA:16,3
DA:19,1
LF:8
LH:8
BRF:0
BRH:0
end_of_record
TN:
SF:D:\Escritorio\Uni\Oviedo\ASW\ProyectoChat\dechat_es4a\src\app\services\auth.guard.service.ts
FN:18,AuthGuard
FN:20,(anonymous_4)
FNF:2
FNH:2
FNDA:2,AuthGuard
FNDA:1,(anonymous_4)
DA:1,1
DA:2,1
DA:11,1
DA:17,1
DA:18,2
DA:20,1
DA:24,1
DA:27,0
DA:30,1
DA:32,1
LF:10
LH:9
BRDA:24,0,0,1
BRDA:24,0,1,0
BRF:2
BRH:1
end_of_record
TN:
SF:D:\Escritorio\Uni\Oviedo\ASW\ProyectoChat\dechat_es4a\src\app\services\chat.service.ts
FN:34,ChatService
FN:205,(anonymous_19)
FN:207,(anonymous_20)
FN:209,(anonymous_21)
FN:36,(anonymous_22)
FN:38,(anonymous_23)
FN:46,(anonymous_24)
FN:54,(anonymous_25)
FN:99,(anonymous_29)
FN:135,(anonymous_30)
FN:137,(anonymous_31)
FN:137,(anonymous_32)
FN:139,(anonymous_33)
FN:139,(anonymous_34)
FN:145,(anonymous_38)
FN:195,(anonymous_39)
FN:197,(anonymous_40)
FN:198,(anonymous_41)
FN:198,(anonymous_42)
FN:213,(anonymous_43)
FN:215,(anonymous_44)
FN:219,(anonymous_45)
FN:220,(anonymous_46)
FN:222,(anonymous_47)
FN:223,(anonymous_48)
FN:231,(anonymous_49)
FN:231,(anonymous_50)
FN:232,(anonymous_51)
FN:232,(anonymous_52)
FN:233,(anonymous_53)
FN:233,(anonymous_54)
FN:246,(anonymous_58)
FN:252,(anonymous_59)
FN:260,(anonymous_60)
FN:273,(anonymous_64)
FN:288,(anonymous_65)
FN:296,(anonymous_66)
FN:298,(anonymous_67)
FN:300,(anonymous_68)
FN:300,(anonymous_69)
FN:306,(anonymous_70)
FN:320,(anonymous_74)
FN:322,(anonymous_75)
FN:322,(anonymous_76)
FN:334,(anonymous_77)
FN:355,(anonymous_78)
FN:357,(anonymous_79)
FN:361,(anonymous_80)
FN:364,(anonymous_81)
FN:381,(anonymous_82)
FN:383,(anonymous_83)
FN:384,(anonymous_84)
FN:385,(anonymous_85)
FN:387,(anonymous_86)
FN:387,(anonymous_87)
FN:390,(anonymous_88)
FN:403,(anonymous_89)
FN:422,(anonymous_90)
FN:424,(anonymous_91)
FN:428,(anonymous_92)
FN:429,(anonymous_93)
FN:444,(anonymous_94)
FN:446,(anonymous_95)
FN:447,(anonymous_96)
FNF:64
FNH:12
FNDA:19,ChatService
FNDA:0,(anonymous_19)
FNDA:0,(anonymous_20)
FNDA:0,(anonymous_21)
FNDA:0,(anonymous_22)
FNDA:0,(anonymous_23)
FNDA:10,(anonymous_24)
FNDA:1,(anonymous_25)
FNDA:0,(anonymous_29)
FNDA:0,(anonymous_30)
FNDA:0,(anonymous_31)
FNDA:0,(anonymous_32)
FNDA:1,(anonymous_33)
FNDA:0,(anonymous_34)
FNDA:0,(anonymous_38)
FNDA:0,(anonymous_39)
FNDA:0,(anonymous_40)
FNDA:0,(anonymous_41)
FNDA:0,(anonymous_42)
FNDA:3,(anonymous_43)
FNDA:0,(anonymous_44)
FNDA:0,(anonymous_45)
FNDA:0,(anonymous_46)
FNDA:0,(anonymous_47)
FNDA:0,(anonymous_48)
FNDA:0,(anonymous_49)
FNDA:0,(anonymous_50)
FNDA:0,(anonymous_51)
FNDA:0,(anonymous_52)
FNDA:0,(anonymous_53)
FNDA:0,(anonymous_54)
FNDA:1,(anonymous_58)
FNDA:2,(anonymous_59)
FNDA:0,(anonymous_60)
FNDA:0,(anonymous_64)
FNDA:0,(anonymous_65)
FNDA:1,(anonymous_66)
FNDA:0,(anonymous_67)
FNDA:0,(anonymous_68)
FNDA:0,(anonymous_69)
FNDA:0,(anonymous_70)
FNDA:0,(anonymous_74)
FNDA:0,(anonymous_75)
FNDA:0,(anonymous_76)
FNDA:1,(anonymous_77)
FNDA:0,(anonymous_78)
FNDA:0,(anonymous_79)
FNDA:0,(anonymous_80)
FNDA:0,(anonymous_81)
FNDA:0,(anonymous_82)
FNDA:0,(anonymous_83)
FNDA:0,(anonymous_84)
FNDA:0,(anonymous_85)
FNDA:0,(anonymous_86)
FNDA:0,(anonymous_87)
FNDA:8,(anonymous_88)
FNDA:8,(anonymous_89)
FNDA:0,(anonymous_90)
FNDA:8,(anonymous_91)
FNDA:0,(anonymous_92)
FNDA:0,(anonymous_93)
FNDA:0,(anonymous_94)
FNDA:0,(anonymous_95)
FNDA:0,(anonymous_96)
DA:1,1
DA:2,1
DA:5,1
DA:6,1
DA:7,1
DA:18,1
DA:32,19
DA:34,19
DA:36,1
DA:38,1
DA:41,0
DA:43,0
DA:46,1
DA:47,10
DA:48,10
DA:50,10
DA:54,1
DA:56,1
DA:57,1
DA:58,1
DA:59,1
DA:60,1
DA:61,1
DA:62,1
DA:84,1
DA:92,1
DA:93,1
DA:94,1
DA:96,1
DA:99,1
DA:100,0
DA:103,0
DA:104,0
DA:107,0
DA:110,0
DA:113,0
DA:117,0
DA:119,0
DA:122,0
DA:126,0
DA:135,0
DA:136,0
DA:137,0
DA:139,1
DA:142,1
DA:143,1
DA:144,1
DA:145,1
DA:146,0
DA:147,0
DA:148,0
DA:149,0
DA:152,0
DA:153,0
DA:154,0
DA:155,0
DA:157,0
DA:158,0
DA:161,0
DA:164,0
DA:166,0
DA:170,0
DA:171,0
DA:172,0
DA:173,0
DA:174,0
DA:178,0
DA:179,0
DA:181,0
DA:183,0
DA:185,0
DA:188,0
DA:194,0
DA:195,0
DA:196,0
DA:197,0
DA:198,0
DA:201,19
DA:203,1
DA:205,1
DA:206,0
DA:208,0
DA:209,0
DA:213,3
DA:215,3
DA:216,0
DA:217,0
DA:218,0
DA:220,0
DA:221,0
DA:222,0
DA:223,0
DA:224,0
DA:225,0
DA:227,0
DA:228,0
DA:230,0
DA:231,0
DA:232,0
DA:233,0
DA:236,1
DA:237,1
DA:238,1
DA:239,0
DA:240,2
DA:241,2
DA:243,1
DA:246,1
DA:247,1
DA:252,2
DA:258,2
DA:259,2
DA:260,2
DA:261,0
DA:263,0
DA:265,0
DA:266,0
DA:267,0
DA:268,0
DA:269,0
DA:270,0
DA:271,0
DA:274,0
DA:275,0
DA:281,0
DA:288,1
DA:289,0
DA:290,0
DA:292,0
DA:296,1
DA:297,1
DA:298,1
DA:299,0
DA:300,0
DA:306,1
DA:307,0
DA:310,0
DA:313,0
DA:317,1
DA:318,0
DA:319,0
DA:320,0
DA:321,0
DA:322,0
DA:334,1
DA:335,1
DA:336,1
DA:354,1
DA:355,1
DA:356,0
DA:357,0
DA:361,1
DA:362,0
DA:363,0
DA:364,0
DA:365,0
DA:366,0
DA:367,0
DA:370,0
DA:375,0
DA:378,0
DA:381,0
DA:382,0
DA:383,0
DA:385,0
DA:386,0
DA:387,0
DA:390,1
DA:391,8
DA:393,8
DA:394,8
DA:395,8
DA:398,0
DA:403,1
DA:404,8
DA:422,8
DA:423,0
DA:424,8
DA:428,1
DA:429,0
DA:430,0
DA:431,0
DA:432,0
DA:434,0
DA:437,0
DA:440,0
DA:444,0
DA:445,0
DA:446,0
DA:447,0
DA:449,1
LF:191
LH:73
BRDA:288,0,0,0
BRDA:288,0,1,0
BRDA:291,1,0,0
BRDA:291,1,1,0
BRDA:291,1,2,0
BRF:5
BRH:0
end_of_record
TN:
SF:D:\Escritorio\Uni\Oviedo\ASW\ProyectoChat\dechat_es4a\src\app\services\rdf.service.ts
FN:54,RdfService
FN:79,(anonymous_19)
FN:89,(anonymous_20)
FN:93,(anonymous_21)
FN:104,(anonymous_22)
FN:258,(anonymous_26)
FN:270,(anonymous_27)
FN:287,(anonymous_28)
FN:334,(anonymous_35)
FN:142,(anonymous_39)
FN:164,(anonymous_40)
FN:195,(anonymous_41)
FN:217,(anonymous_42)
FN:239,(anonymous_43)
FN:369,(anonymous_44)
FNF:15
FNH:1
FNDA:29,RdfService
FNDA:0,(anonymous_19)
FNDA:0,(anonymous_20)
FNDA:0,(anonymous_21)
FNDA:0,(anonymous_22)
FNDA:0,(anonymous_26)
FNDA:0,(anonymous_27)
FNDA:0,(anonymous_28)
FNDA:0,(anonymous_35)
FNDA:0,(anonymous_39)
FNDA:0,(anonymous_40)
FNDA:0,(anonymous_41)
FNDA:0,(anonymous_42)
FNDA:0,(anonymous_43)
FNDA:0,(anonymous_44)
DA:1,1
DA:13,1
DA:19,1
DA:20,1
DA:21,1
DA:22,1
DA:23,1
DA:32,1
DA:35,29
DA:36,29
DA:44,29
DA:52,29
DA:54,29
DA:55,29
DA:56,29
DA:57,29
DA:58,29
DA:64,29
DA:65,37
DA:79,29
DA:80,0
DA:89,29
DA:90,0
DA:93,29
DA:94,0
DA:95,0
DA:96,0
DA:97,0
DA:104,0
DA:106,0
DA:107,0
DA:108,0
DA:110,0
DA:111,0
DA:115,0
DA:120,0
DA:121,0
DA:126,0
DA:131,0
DA:136,0
DA:142,1
DA:144,0
DA:147,0
DA:150,0
DA:153,0
DA:157,0
DA:158,0
DA:161,0
DA:164,1
DA:170,0
DA:172,0
DA:174,0
DA:176,0
DA:178,0
DA:180,0
DA:182,0
DA:183,0
DA:186,0
DA:195,1
DA:199,0
DA:204,0
DA:205,0
DA:207,0
DA:208,0
DA:210,0
DA:211,0
DA:214,0
DA:217,1
DA:221,0
DA:226,0
DA:227,0
DA:229,0
DA:230,0
DA:232,0
DA:233,0
DA:236,0
DA:239,1
DA:242,0
DA:245,0
DA:247,0
DA:251,29
DA:252,0
DA:253,0
DA:254,0
DA:258,0
DA:260,0
DA:261,0
DA:262,0
DA:264,0
DA:270,29
DA:271,0
DA:274,0
DA:282,0
DA:287,29
DA:288,0
DA:291,0
DA:294,0
DA:299,29
DA:300,8
DA:301,0
DA:302,0
DA:304,0
DA:306,0
DA:307,0
DA:309,0
DA:313,0
DA:317,29
DA:318,0
DA:319,0
DA:321,0
DA:322,0
DA:328,0
DA:334,29
DA:335,0
DA:337,0
DA:341,29
DA:343,0
DA:344,16
DA:348,8
DA:349,0
DA:359,8
DA:369,1
DA:370,0
DA:372,0
DA:374,0
DA:376,1
LF:126
LH:40
BRDA:97,0,0,0
BRDA:97,0,1,0
BRDA:114,1,0,0
BRDA:114,1,1,0
BRDA:114,1,2,0
BRDA:114,1,3,0
BRDA:119,2,0,0
BRDA:119,2,1,0
BRDA:119,2,2,0
BRDA:125,3,0,0
BRDA:125,3,1,0
BRDA:125,3,2,0
BRDA:130,4,0,0
BRDA:130,4,1,0
BRDA:130,4,2,0
BRDA:257,5,0,0
BRDA:257,5,1,0
BRDA:150,6,0,0
BRDA:150,6,1,0
BRDA:157,7,0,0
BRDA:157,7,1,0
BRDA:169,8,0,0
BRDA:169,8,1,0
BRDA:169,8,2,0
BRDA:203,9,0,0
BRDA:203,9,1,0
BRDA:203,9,2,0
BRDA:220,10,0,0
BRDA:220,10,1,0
BRDA:225,11,0,0
BRDA:225,11,1,0
BRDA:225,11,2,0
BRDA:241,12,0,0
BRDA:241,12,1,0
BRDA:241,12,2,0
BRDA:241,12,3,0
BRDA:370,13,0,0
BRDA:370,13,1,0
BRF:38
BRH:0
end_of_record
TN:
SF:D:\Escritorio\Uni\Oviedo\ASW\ProyectoChat\dechat_es4a\src\app\services\solid.auth.service.ts
FN:30,AuthService
FN:76,(anonymous_22)
FN:82,(anonymous_23)
FN:92,(anonymous_24)
FN:103,(anonymous_25)
FN:86,(anonymous_32)
FN:97,(anonymous_33)
FN:123,(anonymous_34)
FNF:8
FNH:8
FNDA:17,AuthService
FNDA:1,(anonymous_22)
FNDA:2,(anonymous_23)
FNDA:46,(anonymous_24)
FNDA:10,(anonymous_25)
FNDA:1,(anonymous_32)
FNDA:1,(anonymous_33)
FNDA:1,(anonymous_34)
DA:1,1
DA:2,1
DA:3,1
DA:4,1
DA:19,1
DA:22,17
DA:30,17
DA:31,17
DA:37,1
DA:38,13
DA:46,17
DA:48,0
DA:50,0
DA:52,0
DA:54,0
DA:61,17
DA:64,0
DA:67,0
DA:69,0
DA:70,0
DA:71,0
DA:72,0
DA:73,0
DA:76,17
DA:78,1
DA:82,17
DA:83,2
DA:86,1
DA:88,1
DA:92,17
DA:94,46
DA:97,1
DA:99,1
DA:103,17
DA:104,10
DA:111,17
DA:112,0
DA:123,1
DA:143,1
DA:151,1
LF:40
LH:28
BRF:0
BRH:0
end_of_record
