TN:
SF:D:\Escritorio\Uni\Oviedo\ASW\ProyectoChat\dechat_es4a\src\polyfills.ts
FNF:0
FNH:0
DA:46,2
DA:74,2
LF:2
LH:2
BRF:0
BRH:0
end_of_record
TN:
SF:D:\Escritorio\Uni\Oviedo\ASW\ProyectoChat\dechat_es4a\src\test.ts
FNF:0
FNH:0
DA:3,2
DA:4,2
DA:5,2
DA:13,2
DA:18,2
DA:20,2
LF:6
LH:6
BRF:0
BRH:0
end_of_record
TN:
SF:D:\Escritorio\Uni\Oviedo\ASW\ProyectoChat\dechat_es4a\src\app\app.component.ts
FN:47,AppComponent
FNF:1
FNH:1
FNDA:2,AppComponent
DA:1,2
DA:4,2
DA:12,2
DA:13,2
DA:43,2
DA:44,2
DA:47,2
DA:49,2
DA:52,0
DA:56,2
LF:10
LH:9
BRF:0
BRH:0
end_of_record
TN:
SF:D:\Escritorio\Uni\Oviedo\ASW\ProyectoChat\dechat_es4a\src\app\card\card.component.ts
FN:36,CardComponent
FN:39,(anonymous_16)
FN:64,(anonymous_20)
FN:73,(anonymous_21)
FN:77,(anonymous_22)
FNF:5
FNH:4
FNDA:12,CardComponent
FNDA:12,(anonymous_16)
FNDA:14,(anonymous_20)
FNDA:0,(anonymous_21)
FNDA:2,(anonymous_22)
DA:1,2
DA:2,2
DA:3,2
DA:5,2
DA:6,2
DA:9,2
DA:25,2
DA:32,12
DA:34,2
DA:36,12
DA:37,12
DA:39,2
DA:40,12
DA:41,12
DA:45,2
DA:47,12
DA:48,12
DA:50,0
DA:51,0
DA:52,0
DA:55,12
DA:56,12
DA:58,0
DA:64,2
DA:66,6
DA:68,8
DA:73,2
DA:74,0
DA:77,2
DA:78,2
DA:80,2
LF:31
LH:26
BRDA:66,0,0,6
BRDA:66,0,1,0
BRDA:78,1,0,2
BRDA:78,1,1,0
BRF:4
BRH:2
end_of_record
TN:
SF:D:\Escritorio\Uni\Oviedo\ASW\ProyectoChat\dechat_es4a\src\app\components\navbar\navbar.component.ts
FN:16,NavbarComponent
FN:21,(anonymous_4)
FN:24,(anonymous_5)
FN:36,(anonymous_6)
FN:40,(anonymous_7)
FNF:5
FNH:0
FNDA:0,NavbarComponent
FNDA:0,(anonymous_4)
FNDA:0,(anonymous_5)
FNDA:0,(anonymous_6)
FNDA:0,(anonymous_7)
DA:1,2
DA:2,2
DA:3,2
DA:4,2
DA:14,2
DA:16,0
DA:17,0
DA:21,2
DA:24,2
DA:26,0
DA:27,0
DA:28,0
DA:29,0
DA:32,0
DA:36,2
DA:37,0
DA:40,2
DA:41,0
DA:43,2
LF:19
LH:10
BRF:0
BRH:0
end_of_record
TN:
SF:D:\Escritorio\Uni\Oviedo\ASW\ProyectoChat\dechat_es4a\src\app\login-popup\login-popup.component.ts
FN:11,LoginPopupComponent
FN:13,(anonymous_4)
FN:17,(anonymous_5)
FNF:3
FNH:3
FNDA:2,LoginPopupComponent
FNDA:2,(anonymous_4)
FNDA:2,(anonymous_5)
DA:1,2
DA:9,2
DA:11,2
DA:13,2
DA:14,2
DA:17,2
DA:18,2
DA:19,2
DA:20,2
DA:21,2
DA:25,2
LF:11
LH:11
BRF:0
BRH:0
end_of_record
TN:
SF:D:\Escritorio\Uni\Oviedo\ASW\ProyectoChat\dechat_es4a\src\app\models\solid-chat.model.ts
FN:3,(anonymous_0)
FN:4,SolidChat
FNF:2
FNH:2
FNDA:2,(anonymous_0)
FNDA:6,SolidChat
DA:3,2
DA:5,6
DA:6,6
DA:7,6
DA:14,2
LF:5
LH:5
BRF:0
BRH:0
end_of_record
TN:
SF:D:\Escritorio\Uni\Oviedo\ASW\ProyectoChat\dechat_es4a\src\app\models\solid-message.model.ts
FN:3,(anonymous_0)
FN:4,SolidMessage
FN:10,(anonymous_2)
FNF:3
FNH:1
FNDA:2,(anonymous_0)
FNDA:0,SolidMessage
FNDA:0,(anonymous_2)
DA:3,2
DA:4,0
DA:5,0
DA:6,0
DA:7,0
DA:10,0
DA:11,0
DA:18,2
LF:8
LH:2
BRDA:4,0,0,0
BRDA:4,0,1,0
BRF:2
BRH:0
end_of_record
TN:
SF:D:\Escritorio\Uni\Oviedo\ASW\ProyectoChat\dechat_es4a\src\app\register\register.component.ts
FN:12,RegisterComponent
FN:14,(anonymous_4)
FN:16,(anonymous_5)
FNF:3
FNH:3
FNDA:2,RegisterComponent
FNDA:2,(anonymous_4)
FNDA:6,(anonymous_5)
DA:1,2
DA:2,2
DA:9,2
DA:12,2
DA:14,2
DA:15,2
DA:16,6
DA:19,2
LF:8
LH:8
BRF:0
BRH:0
end_of_record
TN:
SF:D:\Escritorio\Uni\Oviedo\ASW\ProyectoChat\dechat_es4a\src\app\services\auth.guard.service.ts
FN:18,AuthGuard
FN:20,(anonymous_4)
FNF:2
FNH:2
FNDA:4,AuthGuard
FNDA:2,(anonymous_4)
DA:1,2
DA:2,2
DA:11,2
DA:17,2
DA:18,4
DA:20,2
DA:24,2
DA:27,0
DA:30,2
DA:32,2
LF:10
LH:9
BRDA:24,0,0,2
BRDA:24,0,1,0
BRF:2
BRH:1
end_of_record
TN:
SF:D:\Escritorio\Uni\Oviedo\ASW\ProyectoChat\dechat_es4a\src\app\services\chat.service.ts
FN:34,ChatService
FN:205,(anonymous_19)
FN:207,(anonymous_20)
FN:209,(anonymous_21)
FN:36,(anonymous_22)
FN:38,(anonymous_23)
FN:46,(anonymous_24)
FN:54,(anonymous_25)
FN:99,(anonymous_29)
FN:135,(anonymous_30)
FN:137,(anonymous_31)
FN:137,(anonymous_32)
FN:139,(anonymous_33)
FN:139,(anonymous_34)
FN:145,(anonymous_38)
FN:195,(anonymous_39)
FN:197,(anonymous_40)
FN:198,(anonymous_41)
FN:198,(anonymous_42)
FN:213,(anonymous_43)
FN:215,(anonymous_44)
FN:219,(anonymous_45)
FN:220,(anonymous_46)
FN:222,(anonymous_47)
FN:223,(anonymous_48)
FN:231,(anonymous_49)
FN:231,(anonymous_50)
FN:232,(anonymous_51)
FN:232,(anonymous_52)
FN:233,(anonymous_53)
FN:233,(anonymous_54)
FN:246,(anonymous_58)
FN:252,(anonymous_59)
FN:260,(anonymous_60)
FN:273,(anonymous_64)
FN:288,(anonymous_65)
FN:296,(anonymous_66)
FN:298,(anonymous_67)
FN:300,(anonymous_68)
FN:300,(anonymous_69)
FN:306,(anonymous_70)
FN:320,(anonymous_74)
FN:322,(anonymous_75)
FN:322,(anonymous_76)
FN:334,(anonymous_77)
FN:355,(anonymous_78)
FN:357,(anonymous_79)
FN:361,(anonymous_80)
FN:364,(anonymous_81)
FN:381,(anonymous_82)
FN:383,(anonymous_83)
FN:384,(anonymous_84)
FN:385,(anonymous_85)
FN:387,(anonymous_86)
FN:387,(anonymous_87)
FN:390,(anonymous_88)
FN:403,(anonymous_89)
FN:422,(anonymous_90)
FN:424,(anonymous_91)
FN:428,(anonymous_92)
FN:429,(anonymous_93)
FN:444,(anonymous_94)
FN:446,(anonymous_95)
FN:447,(anonymous_96)
FNF:64
FNH:5
FNDA:6,ChatService
FNDA:0,(anonymous_19)
FNDA:0,(anonymous_20)
FNDA:0,(anonymous_21)
FNDA:0,(anonymous_22)
FNDA:0,(anonymous_23)
FNDA:18,(anonymous_24)
FNDA:2,(anonymous_25)
FNDA:0,(anonymous_29)
FNDA:0,(anonymous_30)
FNDA:0,(anonymous_31)
FNDA:0,(anonymous_32)
FNDA:0,(anonymous_33)
FNDA:0,(anonymous_34)
FNDA:0,(anonymous_38)
FNDA:0,(anonymous_39)
FNDA:0,(anonymous_40)
FNDA:0,(anonymous_41)
FNDA:0,(anonymous_42)
FNDA:2,(anonymous_43)
FNDA:0,(anonymous_44)
FNDA:2,(anonymous_45)
FNDA:0,(anonymous_46)
FNDA:0,(anonymous_47)
FNDA:0,(anonymous_48)
FNDA:0,(anonymous_49)
FNDA:0,(anonymous_50)
FNDA:0,(anonymous_51)
FNDA:0,(anonymous_52)
FNDA:0,(anonymous_53)
FNDA:0,(anonymous_54)
FNDA:0,(anonymous_58)
FNDA:0,(anonymous_59)
FNDA:0,(anonymous_60)
FNDA:0,(anonymous_64)
FNDA:0,(anonymous_65)
FNDA:0,(anonymous_66)
FNDA:0,(anonymous_67)
FNDA:0,(anonymous_68)
FNDA:0,(anonymous_69)
FNDA:0,(anonymous_70)
FNDA:0,(anonymous_74)
FNDA:0,(anonymous_75)
FNDA:0,(anonymous_76)
FNDA:0,(anonymous_77)
FNDA:0,(anonymous_78)
FNDA:0,(anonymous_79)
FNDA:0,(anonymous_80)
FNDA:0,(anonymous_81)
FNDA:0,(anonymous_82)
FNDA:0,(anonymous_83)
FNDA:0,(anonymous_84)
FNDA:0,(anonymous_85)
FNDA:0,(anonymous_86)
FNDA:0,(anonymous_87)
FNDA:0,(anonymous_88)
FNDA:0,(anonymous_89)
FNDA:0,(anonymous_90)
FNDA:0,(anonymous_91)
FNDA:0,(anonymous_92)
FNDA:0,(anonymous_93)
FNDA:0,(anonymous_94)
FNDA:0,(anonymous_95)
FNDA:0,(anonymous_96)
DA:1,2
DA:2,2
DA:5,2
DA:6,2
DA:7,2
DA:18,2
DA:32,6
DA:34,6
DA:36,2
DA:38,2
DA:41,0
DA:43,0
DA:46,2
DA:47,18
DA:48,18
DA:50,18
DA:54,2
DA:56,2
DA:57,2
DA:58,2
DA:59,2
DA:60,2
DA:61,2
DA:62,2
DA:84,2
DA:92,2
DA:93,0
DA:94,0
DA:96,0
DA:99,0
DA:100,0
DA:103,0
DA:104,0
DA:107,0
DA:110,0
DA:113,0
DA:117,0
DA:119,0
DA:122,0
DA:126,0
DA:135,0
DA:136,0
DA:137,0
DA:139,0
DA:142,2
DA:143,0
DA:144,0
DA:145,0
DA:146,0
DA:147,0
DA:148,0
DA:149,0
DA:152,0
DA:153,0
DA:154,0
DA:155,0
DA:157,0
DA:158,0
DA:161,0
DA:164,0
DA:166,0
DA:170,0
DA:171,0
DA:172,0
DA:173,0
DA:174,0
DA:178,0
DA:179,0
DA:181,0
DA:183,0
DA:185,0
DA:188,0
DA:194,0
DA:195,0
DA:196,0
DA:197,0
DA:198,0
DA:201,6
DA:203,0
DA:205,0
DA:206,0
DA:208,0
DA:209,0
DA:213,2
DA:215,2
DA:216,0
DA:217,0
DA:218,0
DA:220,2
DA:221,0
DA:222,0
DA:223,0
DA:224,0
DA:225,0
DA:227,0
DA:228,0
DA:230,0
DA:231,0
DA:232,0
DA:233,0
DA:236,2
DA:237,0
DA:238,0
DA:239,0
DA:240,0
DA:241,0
DA:243,0
DA:246,2
DA:247,0
DA:252,2
DA:258,0
DA:259,0
DA:260,0
DA:261,0
DA:263,0
DA:265,0
DA:266,0
DA:267,0
DA:268,0
DA:269,0
DA:270,0
DA:271,0
DA:274,0
DA:275,0
DA:281,0
DA:288,2
DA:289,0
DA:290,0
DA:292,0
DA:296,2
DA:297,0
DA:298,0
DA:299,0
DA:300,0
DA:306,2
DA:307,0
DA:310,0
DA:313,0
DA:317,2
DA:318,0
DA:319,0
DA:320,0
DA:321,0
DA:322,0
DA:334,2
DA:335,0
DA:336,0
DA:354,0
DA:355,0
DA:356,0
DA:357,0
DA:361,2
DA:362,0
DA:363,0
DA:364,0
DA:365,0
DA:366,0
DA:367,0
DA:370,0
DA:375,0
DA:378,0
DA:381,0
DA:382,0
DA:383,0
DA:385,0
DA:386,0
DA:387,0
DA:390,2
DA:391,0
DA:393,0
DA:394,0
DA:395,0
DA:398,0
DA:403,2
DA:404,0
DA:422,0
DA:423,0
DA:424,0
DA:428,2
DA:429,0
DA:430,0
DA:431,0
DA:432,0
DA:434,0
DA:437,0
DA:440,0
DA:444,0
DA:445,0
DA:446,0
DA:447,0
DA:449,2
LF:191
LH:42
BRDA:288,0,0,0
BRDA:288,0,1,0
BRDA:291,1,0,0
BRDA:291,1,1,0
BRDA:291,1,2,0
BRF:5
BRH:0
end_of_record
TN:
SF:D:\Escritorio\Uni\Oviedo\ASW\ProyectoChat\dechat_es4a\src\app\services\rdf.service.ts
FN:54,RdfService
FN:79,(anonymous_19)
FN:89,(anonymous_20)
FN:93,(anonymous_21)
FN:104,(anonymous_22)
FN:258,(anonymous_26)
FN:270,(anonymous_27)
FN:287,(anonymous_28)
FN:334,(anonymous_35)
FN:142,(anonymous_39)
FN:164,(anonymous_40)
FN:195,(anonymous_41)
FN:217,(anonymous_42)
FN:239,(anonymous_43)
FN:369,(anonymous_44)
FNF:15
FNH:1
FNDA:36,RdfService
FNDA:0,(anonymous_19)
FNDA:0,(anonymous_20)
FNDA:0,(anonymous_21)
FNDA:0,(anonymous_22)
FNDA:0,(anonymous_26)
FNDA:0,(anonymous_27)
FNDA:0,(anonymous_28)
FNDA:0,(anonymous_35)
FNDA:0,(anonymous_39)
FNDA:0,(anonymous_40)
FNDA:0,(anonymous_41)
FNDA:0,(anonymous_42)
FNDA:0,(anonymous_43)
FNDA:0,(anonymous_44)
DA:1,2
DA:13,2
DA:19,2
DA:20,2
DA:21,2
DA:22,2
DA:23,2
DA:32,2
DA:35,36
DA:36,36
DA:44,36
DA:52,36
DA:54,36
DA:55,36
DA:56,36
DA:57,36
DA:58,36
DA:64,36
DA:65,48
DA:79,36
DA:80,0
DA:89,36
DA:90,0
DA:93,36
DA:94,0
DA:95,0
DA:96,0
DA:97,0
DA:104,0
DA:106,0
DA:107,0
DA:108,0
DA:110,0
DA:111,0
DA:115,0
DA:120,0
DA:121,0
DA:126,0
DA:131,0
DA:136,0
DA:142,2
DA:144,0
DA:147,0
DA:150,0
DA:153,0
DA:157,0
DA:158,0
DA:161,0
DA:164,2
DA:170,0
DA:172,0
DA:174,0
DA:176,0
DA:178,0
DA:180,0
DA:182,0
DA:183,0
DA:186,0
DA:195,2
DA:199,0
DA:204,0
DA:205,0
DA:207,0
DA:208,0
DA:210,0
DA:211,0
DA:214,0
DA:217,2
DA:221,0
DA:226,0
DA:227,0
DA:229,0
DA:230,0
DA:232,0
DA:233,0
DA:236,0
DA:239,2
DA:242,0
DA:245,0
DA:247,0
DA:251,36
DA:252,0
DA:253,0
DA:254,0
DA:258,0
DA:260,0
DA:261,0
DA:262,0
DA:264,0
DA:270,36
DA:271,0
DA:274,0
DA:282,0
DA:287,36
DA:288,0
DA:291,0
DA:294,0
DA:299,36
DA:300,0
DA:301,0
DA:302,0
DA:304,0
DA:306,0
DA:307,0
DA:309,0
DA:313,0
DA:317,36
DA:318,0
DA:319,0
DA:321,0
DA:322,0
DA:328,0
DA:334,36
DA:335,0
DA:337,0
DA:341,36
DA:343,0
DA:344,24
DA:348,12
DA:349,0
DA:359,12
DA:369,2
DA:370,0
DA:372,0
DA:374,0
DA:376,2
LF:126
LH:39
BRDA:97,0,0,0
BRDA:97,0,1,0
BRDA:114,1,0,0
BRDA:114,1,1,0
BRDA:114,1,2,0
BRDA:114,1,3,0
BRDA:119,2,0,0
BRDA:119,2,1,0
BRDA:119,2,2,0
BRDA:125,3,0,0
BRDA:125,3,1,0
BRDA:125,3,2,0
BRDA:130,4,0,0
BRDA:130,4,1,0
BRDA:130,4,2,0
BRDA:257,5,0,0
BRDA:257,5,1,0
BRDA:150,6,0,0
BRDA:150,6,1,0
BRDA:157,7,0,0
BRDA:157,7,1,0
BRDA:169,8,0,0
BRDA:169,8,1,0
BRDA:169,8,2,0
BRDA:203,9,0,0
BRDA:203,9,1,0
BRDA:203,9,2,0
BRDA:220,10,0,0
BRDA:220,10,1,0
BRDA:225,11,0,0
BRDA:225,11,1,0
BRDA:225,11,2,0
BRDA:241,12,0,0
BRDA:241,12,1,0
BRDA:241,12,2,0
BRDA:241,12,3,0
BRDA:370,13,0,0
BRDA:370,13,1,0
BRF:38
BRH:0
end_of_record
TN:
SF:D:\Escritorio\Uni\Oviedo\ASW\ProyectoChat\dechat_es4a\src\app\services\solid.auth.service.ts
FN:30,AuthService
FN:76,(anonymous_22)
FN:82,(anonymous_23)
FN:92,(anonymous_24)
FN:103,(anonymous_25)
FN:86,(anonymous_32)
FN:97,(anonymous_33)
FN:123,(anonymous_34)
FNF:8
FNH:8
FNDA:28,AuthService
FNDA:2,(anonymous_22)
FNDA:4,(anonymous_23)
FNDA:4,(anonymous_24)
FNDA:4,(anonymous_25)
FNDA:2,(anonymous_32)
FNDA:2,(anonymous_33)
FNDA:2,(anonymous_34)
DA:1,2
DA:2,2
DA:3,2
DA:4,2
DA:19,2
DA:22,28
DA:30,28
DA:31,28
DA:37,2
DA:38,20
DA:46,28
DA:48,0
DA:50,0
DA:52,0
DA:54,0
DA:61,28
DA:64,0
DA:67,0
DA:69,0
DA:70,0
DA:71,0
DA:72,0
DA:73,0
DA:76,28
DA:78,2
DA:82,28
DA:83,4
DA:86,2
DA:88,2
DA:92,28
DA:94,4
DA:97,2
DA:99,2
DA:103,28
DA:104,4
DA:111,28
DA:112,0
DA:123,2
DA:143,2
DA:151,2
LF:40
LH:28
BRF:0
BRH:0
end_of_record
